2015/01/26 16:42:37 にビルドを開始しました。
     1>ノード 2 上のプロジェクト "D:\Lua\win32dllcreate\lua523\lua523\lua523.vcxproj" (Rebuild ターゲット)。
     1>ClCompile:
         C:\Program Files (x86)\Microsoft Visual Studio 11.0\VC\bin\CL.exe /c /Zi /nologo /W3 /WX- /O2 /Oi /Oy- /GL /D WIN32 /D NDEBUG /D _WINDOWS /D _USRDLL /D LUA523_EXPORTS /D LUA_BUILD_AS_DLL /D _CRT_SECURE_NO_WARNINGS /D _WINDLL /D _UNICODE /D UNICODE /Gm- /EHsc /MD /GS /Gy /fp:precise /Zc:wchar_t /Zc:forScope /Fo"Release\\" /Fd"Release\vc110.pdb" /Gd /TC /analyze- /errorReport:prompt ..\src\lapi.c ..\src\lauxlib.c ..\src\lbaselib.c ..\src\lbitlib.c ..\src\lcode.c ..\src\lcorolib.c ..\src\lctype.c ..\src\ldblib.c ..\src\ldebug.c ..\src\ldo.c ..\src\ldump.c ..\src\lfunc.c ..\src\lgc.c ..\src\linit.c ..\src\liolib.c ..\src\llex.c ..\src\lmathlib.c ..\src\lmem.c ..\src\loadlib.c ..\src\lobject.c ..\src\lopcodes.c ..\src\loslib.c ..\src\lparser.c ..\src\lstate.c ..\src\lstring.c ..\src\lstrlib.c ..\src\ltable.c ..\src\ltablib.c ..\src\ltm.c ..\src\lundump.c ..\src\lvm.c ..\src\lzio.c
         lapi.c
         lauxlib.c
         lbaselib.c
         lbitlib.c
         lcode.c
         lcorolib.c
         lctype.c
         ldblib.c
         ldebug.c
         ldo.c
         ldump.c
         lfunc.c
         lgc.c
         linit.c
         liolib.c
         llex.c
         lmathlib.c
         lmem.c
         loadlib.c
         lobject.c
         コンパイル中...
         lopcodes.c
         loslib.c
         lparser.c
         lstate.c
         lstring.c
         lstrlib.c
         ltable.c
         ltablib.c
         ltm.c
         lundump.c
         lvm.c
         lzio.c
       Link:
         C:\Program Files (x86)\Microsoft Visual Studio 11.0\VC\bin\link.exe /ERRORREPORT:PROMPT /OUT:"D:\Lua\win32dllcreate\lua523\Release\lua523.dll" /INCREMENTAL:NO /NOLOGO kernel32.lib user32.lib gdi32.lib winspool.lib comdlg32.lib advapi32.lib shell32.lib ole32.lib oleaut32.lib uuid.lib odbc32.lib odbccp32.lib /MANIFEST /MANIFESTUAC:"level='asInvoker' uiAccess='false'" /manifest:embed /DEBUG /PDB:"D:\Lua\win32dllcreate\lua523\Release\lua523.pdb" /SUBSYSTEM:WINDOWS /OPT:REF /OPT:ICF /LTCG /TLBID:1 /DYNAMICBASE /NXCOMPAT /IMPLIB:"D:\Lua\win32dllcreate\lua523\Release\lua523.lib" /MACHINE:X86 /SAFESEH /DLL Release\lapi.obj
         Release\lauxlib.obj
         Release\lbaselib.obj
         Release\lbitlib.obj
         Release\lcode.obj
         Release\lcorolib.obj
         Release\lctype.obj
         Release\ldblib.obj
         Release\ldebug.obj
         Release\ldo.obj
         Release\ldump.obj
         Release\lfunc.obj
         Release\lgc.obj
         Release\linit.obj
         Release\liolib.obj
         Release\llex.obj
         Release\lmathlib.obj
         Release\lmem.obj
         Release\loadlib.obj
         Release\lobject.obj
         Release\lopcodes.obj
         Release\loslib.obj
         Release\lparser.obj
         Release\lstate.obj
         Release\lstring.obj
         Release\lstrlib.obj
         Release\ltable.obj
         Release\ltablib.obj
         Release\ltm.obj
         Release\lundump.obj
         Release\lvm.obj
         Release\lzio.obj
            ライブラリ D:\Lua\win32dllcreate\lua523\Release\lua523.lib とオブジェクト D:\Lua\win32dllcreate\lua523\Release\lua523.exp を作成中
         コード生成しています。
         コード生成が終了しました。
         lua523.vcxproj -> D:\Lua\win32dllcreate\lua523\Release\lua523.dll
     1>プロジェクト "D:\Lua\win32dllcreate\lua523\lua523\lua523.vcxproj" (Rebuild ターゲット) のビルドが完了しました。

ビルドに成功しました。

経過時間 00:00:02.28
