D:\LUA\WIN32DLLCREATE\LUA523\LUA523\RELEASE\LOBJECT.OBJ
D:\LUA\WIN32DLLCREATE\LUA523\LUA523\RELEASE\LOADLIB.OBJ
D:\LUA\WIN32DLLCREATE\LUA523\LUA523\RELEASE\LMEM.OBJ
D:\LUA\WIN32DLLCREATE\LUA523\LUA523\RELEASE\LMATHLIB.OBJ
D:\LUA\WIN32DLLCREATE\LUA523\LUA523\RELEASE\LLEX.OBJ
D:\LUA\WIN32DLLCREATE\LUA523\LUA523\RELEASE\LIOLIB.OBJ
D:\LUA\WIN32DLLCREATE\LUA523\LUA523\RELEASE\LINIT.OBJ
D:\LUA\WIN32DLLCREATE\LUA523\LUA523\RELEASE\LGC.OBJ
D:\LUA\WIN32DLLCREATE\LUA523\LUA523\RELEASE\LFUNC.OBJ
D:\LUA\WIN32DLLCREATE\LUA523\LUA523\RELEASE\LDUMP.OBJ
D:\LUA\WIN32DLLCREATE\LUA523\LUA523\RELEASE\LDO.OBJ
D:\LUA\WIN32DLLCREATE\LUA523\LUA523\RELEASE\LDEBUG.OBJ
D:\LUA\WIN32DLLCREATE\LUA523\LUA523\RELEASE\LDBLIB.OBJ
D:\LUA\WIN32DLLCREATE\LUA523\LUA523\RELEASE\LCTYPE.OBJ
D:\LUA\WIN32DLLCREATE\LUA523\LUA523\RELEASE\LCOROLIB.OBJ
D:\LUA\WIN32DLLCREATE\LUA523\LUA523\RELEASE\LCODE.OBJ
D:\LUA\WIN32DLLCREATE\LUA523\LUA523\RELEASE\LBITLIB.OBJ
D:\LUA\WIN32DLLCREATE\LUA523\LUA523\RELEASE\LBASELIB.OBJ
D:\LUA\WIN32DLLCREATE\LUA523\LUA523\RELEASE\LAUXLIB.OBJ
D:\LUA\WIN32DLLCREATE\LUA523\LUA523\RELEASE\LAPI.OBJ
D:\LUA\WIN32DLLCREATE\LUA523\LUA523\RELEASE\WMAIN.OBJ
D:\LUA\WIN32DLLCREATE\LUA523\LUA523\RELEASE\LZIO.OBJ
D:\LUA\WIN32DLLCREATE\LUA523\LUA523\RELEASE\LVM.OBJ
D:\LUA\WIN32DLLCREATE\LUA523\LUA523\RELEASE\LUNDUMP.OBJ
D:\LUA\WIN32DLLCREATE\LUA523\LUA523\RELEASE\LUAC.OBJ
D:\LUA\WIN32DLLCREATE\LUA523\LUA523\RELEASE\LUA.OBJ
D:\LUA\WIN32DLLCREATE\LUA523\LUA523\RELEASE\LTM.OBJ
D:\LUA\WIN32DLLCREATE\LUA523\LUA523\RELEASE\LTABLIB.OBJ
D:\LUA\WIN32DLLCREATE\LUA523\LUA523\RELEASE\LTABLE.OBJ
D:\LUA\WIN32DLLCREATE\LUA523\LUA523\RELEASE\LSTRLIB.OBJ
D:\LUA\WIN32DLLCREATE\LUA523\LUA523\RELEASE\LSTRING.OBJ
D:\LUA\WIN32DLLCREATE\LUA523\LUA523\RELEASE\LSTATE.OBJ
D:\LUA\WIN32DLLCREATE\LUA523\LUA523\RELEASE\LPARSER.OBJ
D:\LUA\WIN32DLLCREATE\LUA523\LUA523\RELEASE\LOSLIB.OBJ
D:\LUA\WIN32DLLCREATE\LUA523\LUA523\RELEASE\LOPCODES.OBJ
D:\LUA\WIN32DLLCREATE\LUA523\LUA523\RELEASE\VC110.PDB
D:\Lua\win32dllcreate\lua523\lua523\Release\lapi.obj
D:\Lua\win32dllcreate\lua523\lua523\Release\lauxlib.obj
D:\Lua\win32dllcreate\lua523\lua523\Release\lbaselib.obj
D:\Lua\win32dllcreate\lua523\lua523\Release\lbitlib.obj
D:\Lua\win32dllcreate\lua523\lua523\Release\lcode.obj
D:\Lua\win32dllcreate\lua523\lua523\Release\lcorolib.obj
D:\Lua\win32dllcreate\lua523\lua523\Release\lctype.obj
D:\Lua\win32dllcreate\lua523\lua523\Release\ldblib.obj
D:\Lua\win32dllcreate\lua523\lua523\Release\ldebug.obj
D:\Lua\win32dllcreate\lua523\lua523\Release\ldo.obj
D:\Lua\win32dllcreate\lua523\lua523\Release\ldump.obj
D:\Lua\win32dllcreate\lua523\lua523\Release\lfunc.obj
D:\Lua\win32dllcreate\lua523\lua523\Release\lgc.obj
D:\Lua\win32dllcreate\lua523\lua523\Release\linit.obj
D:\Lua\win32dllcreate\lua523\lua523\Release\liolib.obj
D:\Lua\win32dllcreate\lua523\lua523\Release\llex.obj
D:\Lua\win32dllcreate\lua523\lua523\Release\lmathlib.obj
D:\Lua\win32dllcreate\lua523\lua523\Release\lmem.obj
D:\Lua\win32dllcreate\lua523\lua523\Release\loadlib.obj
D:\Lua\win32dllcreate\lua523\lua523\Release\lobject.obj
D:\Lua\win32dllcreate\lua523\lua523\Release\lopcodes.obj
D:\Lua\win32dllcreate\lua523\lua523\Release\loslib.obj
D:\Lua\win32dllcreate\lua523\lua523\Release\lparser.obj
D:\Lua\win32dllcreate\lua523\lua523\Release\lstate.obj
D:\Lua\win32dllcreate\lua523\lua523\Release\lstring.obj
D:\Lua\win32dllcreate\lua523\lua523\Release\lstrlib.obj
D:\Lua\win32dllcreate\lua523\lua523\Release\ltable.obj
D:\Lua\win32dllcreate\lua523\lua523\Release\ltablib.obj
D:\Lua\win32dllcreate\lua523\lua523\Release\ltm.obj
D:\Lua\win32dllcreate\lua523\lua523\Release\lua.obj
D:\Lua\win32dllcreate\lua523\lua523\Release\luac.obj
D:\Lua\win32dllcreate\lua523\lua523\Release\lundump.obj
D:\Lua\win32dllcreate\lua523\lua523\Release\lvm.obj
D:\Lua\win32dllcreate\lua523\lua523\Release\lzio.obj
D:\Lua\win32dllcreate\lua523\lua523\Release\wmain.obj
D:\Lua\win32dllcreate\lua523\lua523\Release\cl.command.1.tlog
D:\Lua\win32dllcreate\lua523\lua523\Release\CL.read.1.tlog
D:\Lua\win32dllcreate\lua523\lua523\Release\CL.write.1.tlog
D:\Lua\win32dllcreate\lua523\lua523\Release\link.command.1.tlog
D:\Lua\win32dllcreate\lua523\lua523\Release\link.read.1.tlog
D:\Lua\win32dllcreate\lua523\lua523\Release\link.write.1.tlog
D:\Lua\win32dllcreate\lua523\lua523\Release\vc110.pdb
